Welcome to MAGMA v1.10 (custom)
Using flags:
	--bfile ../g1000_eur/g1000_eur
	--gene-annot SNP_SLE_annotations.genes.annot
	--pval ../GWAS_for_magma.fixed.pval N=13426

Start time is 13:19:54, Friday 03 Oct 2025

Loading PLINK-format data...
Reading file ../g1000_eur/g1000_eur.fam... 503 individuals read
Reading file ../g1000_eur/g1000_eur.bim... 22665064 SNPs read
Preparing file ../g1000_eur/g1000_eur.bed... 

Reading SNP synonyms from file ../g1000_eur/g1000_eur.synonyms (auto-detected)
	read 6016767 mapped synonyms from file, mapping to 3921040 SNPs in the data
	WARNING: detected 133 synonymous SNP pairs in the data
	         skipped all synonym entries involved, synonymous SNPs are kept in analysis
	         writing list of detected synonyms in data to supplementary log file
Reading SNP p-values from file ../GWAS_for_magma.fixed.pval... 
	detected 2 variables in file
	using variable: SNP (SNP id)
	using variable: P (p-value)
	read 8929426 lines from file, containing valid SNP p-values for 7417103 SNPs in data (83.06% of lines, 32.72% of SNPs in data)
	WARNING: file contained 23 SNPs (same IDs or synonyms) with duplications
	         dropped all occurrences of each from analysis
	         writing list of duplicated IDs to supplementary log file
Loading gene annotation from file SNP_SLE_annotations.genes.annot... 
	17752 gene definitions read from file
	found 17702 genes containing valid SNPs in genotype data


Starting gene analysis... 
	using model: SNPwise-mean
	writing gene analysis results to file magma.genes.out
	writing intermediate output to file magma.genes.raw


End time is 13:41:51, Friday 03 Oct 2025 (elapsed: 00:21:57)
